#
# A fatal error has been detected by the Java Runtime Environment:
#
#  SIGBUS (0xa) at pc=0x00007ff80291e346, pid=67039, tid=31503
#
# JRE version: Java(TM) SE Runtime Environment (16.0.2+7) (build 16.0.2+7-67)
# Java VM: Java HotSpot(TM) 64-Bit Server VM (16.0.2+7-67, mixed mode, sharing, tiered, compressed oops, compressed class ptrs, g1 gc, bsd-amd64)
# Problematic frame:
# C  [libsystem_platform.dylib+0x1346]  _platform_memmove$VARIANT$Haswell+0x1a6
#
# No core dump will be written. Core dumps have been disabled. To enable core dumping, try "ulimit -c unlimited" before starting Java again
#
# If you would like to submit a bug report, please visit:
#   https://bugreport.java.com/bugreport/crash.jsp
#

---------------  S U M M A R Y ------------

Command Line: Server

Host: MacBook10,1 x86_64 1200 MHz, 4 cores, 8G, Darwin 21.2.0, macOS 10.16 (21C52)
Time: Thu Apr  7 09:47:15 2022 PDT elapsed time: 4.547168 seconds (0d 0h 0m 4s)

---------------  T H R E A D  ---------------

Current thread is native thread

Stack: [0x000070000e2ec000,0x000070000e36c000],  sp=0x000070000e36b6d0,  free space=509k
Native frames: (J=compiled Java code, A=aot compiled Java code, j=interpreted, Vv=VM code, C=native code)
C  [libsystem_platform.dylib+0x1346]  _platform_memmove$VARIANT$Haswell+0x1a6
C  [AppKit+0x1f321a]  -[NSPersistentUIWindowSnapshotter writeWindowSnapshot:length:width:height:bytesPerRow:toFile:inDirectory:encryptingWithKey:uuid:checksum:fd:]+0x5a0
C  [AppKit+0xb51f63]  __100-[NSPersistentUIWindowSnapshotter captureAndWriteSnapshotForWindowNumber:forWindowID:waitUntilDone:]_block_invoke.95+0xd4
C  [AppKit+0xb52b2f]  ___NSPersistentUIDispatchQueueAsync_block_invoke+0x1c
C  [libdispatch.dylib+0x1ad8]  _dispatch_call_block_and_release+0xc
C  [libdispatch.dylib+0x2cc9]  _dispatch_client_callout+0x8
C  [libdispatch.dylib+0x8cee]  _dispatch_lane_serial_drain+0x2b8
C  [libdispatch.dylib+0x97c8]  _dispatch_lane_invoke+0x16e
C  [libdispatch.dylib+0x137e1]  _dispatch_workloop_worker_thread+0x2f6
C  [libsystem_pthread.dylib+0x3074]  _pthread_wqthread+0x146
C  [libsystem_pthread.dylib+0x1ffb]  start_wqthread+0xf


siginfo: si_signo: 10 (SIGBUS), si_code: 2 (BUS_ADRERR), si_addr: 0x000000015633c000

Registers:
RAX=0x000000015633b000, RBX=0x00007fbcf7d74000, RCX=0x0000000000000020, RDX=0x0000000000000000
RSP=0x000070000e36b6d0, RBP=0x000070000e36b6d0, RSI=0x00007fbcf7d74fe0, RDI=0x000000015633bfa0
R8 =0x0000000000000007, R9 =0x0000000000000000, R10=0x0000000000040401, R11=0xffff80445e5c7000
R12=0x0000000000001020, R13=0x0000000000078000, R14=0x00000000c903e98a, R15=0x0000000000000000
RIP=0x00007ff80291e346, EFLAGS=0x0000000000010246, ERR=0x0000000000000006
  TRAPNO=0x000000000000000e

Top of Stack: (sp=0x000070000e36b6d0)
0x000070000e36b6d0:   000070000e36b7f0 00007ff8055b421a
0x000070000e36b6e0:   000070000e36b730 000000000000004c
0x000070000e36b6f0:   0000000000000030 0000000000000a00
0x000070000e36b700:   0000000000000000 00000000000780b0
0x000070000e36b710:   0000000000000114 0000000000078000
0x000070000e36b720:   00007fbcf7c25000 000000015633b000
0x000070000e36b730:   00007fbcf6118000 0000000000001020
0x000070000e36b740:   00007fbcf7d74000 0000000700078000
0x000070000e36b750:   00007fbcf7c9d000 00007ff800000000
0x000070000e36b760:   0000000000078000 00007fbcf7d75011
0x000070000e36b770:   00007ff80007709f 0000000000001011
0x000070000e36b780:   0000000000000000 0000000000000000
0x000070000e36b790:   00007ff80d5a1396 00007ff80d5a13c0
0x000070000e36b7a0:   0000000000000000 0000000000000000
0x000070000e36b7b0:   00000000c903e98a 0000000000000000
0x000070000e36b7c0:   3ac44a1fb2bb0057 0000600000e3e1c0
0x000070000e36b7d0:   0000600002a4bf80 000060000112b080
0x000070000e36b7e0:   0000000000000114 00007fbcf48f2040
0x000070000e36b7f0:   000070000e36b880 00007ff805f12f63
0x000070000e36b800:   0000000000002800 00007ff845747480
0x000070000e36b810:   0000600001b377e0 0000600003f2ef20
0x000070000e36b820:   0000600003f2eee0 000070000e36b838
0x000070000e36b830:   000070000e36b83c 0000000700000000
0x000070000e36b840:   000070000e36b890 00007ff8027a2340
0x000070000e36b850:   ffff9ffffce42980 0000000000000000
0x000070000e36b860:   00007ff844110a00 3ac44a1fb2bb0057
0x000070000e36b870:   0000600000e3e1c0 0000000000000114
0x000070000e36b880:   000070000e36b8b0 00007ff805f13b2f
0x000070000e36b890:   0000600002ab3180 0000600003148660
0x000070000e36b8a0:   0000000000000114 0000000000000000
0x000070000e36b8b0:   000070000e36b8d0 00007ff802753ad8
0x000070000e36b8c0:   0000600002ab3180 0000000000000200 

Instructions: (pc=0x00007ff80291e346)
0x00007ff80291e246:   08 72 10 48 8b 0e 4c 8b 04 16 48 89 0f 4c 89 04
0x00007ff80291e256:   17 5d c3 48 83 c2 08 74 25 4d 31 c0 42 8a 0c 06
0x00007ff80291e266:   42 88 0c 07 48 83 ea 01 74 14 42 8a 4c 06 01 42
0x00007ff80291e276:   88 4c 07 01 49 83 c0 02 48 83 ea 01 75 de 5d c3
0x00007ff80291e286:   66 2e 0f 1f 84 00 00 00 00 00 c5 fc 10 06 48 83
0x00007ff80291e296:   c7 20 48 83 e7 e0 48 89 f9 48 29 c1 48 01 ce 48
0x00007ff80291e2a6:   29 ca c5 fc 10 0e c5 fc 11 00 c5 fc 57 c0 c5 fc
0x00007ff80291e2b6:   10 56 20 48 83 c6 40 48 81 ea 80 00 00 00 76 5a
0x00007ff80291e2c6:   48 f7 c6 1f 00 00 00 74 31 c5 fc 29 0f c5 fc 29
0x00007ff80291e2d6:   57 20 48 83 c7 40 c5 fc 10 0e c5 fc 10 56 20 48
0x00007ff80291e2e6:   83 c6 40 48 83 ea 40 77 e0 eb 2f 66 2e 0f 1f 84
0x00007ff80291e2f6:   00 00 00 00 00 0f 1f 44 00 00 c5 fc 29 0f c5 fc
0x00007ff80291e306:   29 57 20 48 83 c7 40 c5 fc 28 0e c5 fc 28 56 20
0x00007ff80291e316:   48 83 c6 40 48 83 ea 40 77 e0 c5 fc 10 1c 16 c5
0x00007ff80291e326:   fc 10 64 16 20 c5 fc 29 0f c5 f4 57 c9 c5 fc 29
0x00007ff80291e336:   57 20 c5 ec 57 d2 c5 fc 11 5c 17 40 c5 e4 57 db
0x00007ff80291e346:   c5 fc 11 64 17 60 c5 dc 57 e4 5d c5 f8 77 c3 66
0x00007ff80291e356:   2e 0f 1f 84 00 00 00 00 00 90 48 83 ee 08 48 8b
0x00007ff80291e366:   0e 48 83 ef 08 48 89 0f 48 83 ea 08 73 ec 48 83
0x00007ff80291e376:   c2 08 74 12 48 83 ee 01 8a 0e 48 83 ef 01 88 0f
0x00007ff80291e386:   48 83 ea 01 75 ee 5d c3 66 90 c5 fc 10 46 e0 49
0x00007ff80291e396:   89 fb 48 83 ef 01 48 83 e7 e0 4c 89 d9 48 29 f9
0x00007ff80291e3a6:   48 29 ce 48 29 ca c5 fc 10 4e e0 c4 c1 7c 11 43
0x00007ff80291e3b6:   e0 c5 fc 10 56 c0 48 83 ee 40 c5 fc 57 c0 48 81
0x00007ff80291e3c6:   ea 80 00 00 00 76 55 48 f7 c6 1f 00 00 00 74 2a
0x00007ff80291e3d6:   c5 fc 29 4f e0 c5 fc 29 57 c0 48 83 ef 40 c5 fc
0x00007ff80291e3e6:   10 4e e0 c5 fc 10 56 c0 48 83 ee 40 48 83 ea 40
0x00007ff80291e3f6:   77 de eb 28 66 0f 1f 44 00 00 c5 fc 29 4f e0 c5
0x00007ff80291e406:   fc 29 57 c0 48 83 ef 40 c5 fc 28 4e e0 c5 fc 28
0x00007ff80291e416:   56 c0 48 83 ee 40 48 83 ea 40 77 de 48 29 d6 c5
0x00007ff80291e426:   fc 10 5e e0 c5 fc 10 66 c0 c5 fc 29 4f e0 c5 f4
0x00007ff80291e436:   57 c9 c5 fc 29 57 c0 c5 ec 57 d2 c5 fc 11 58 20 



---------------  P R O C E S S  ---------------

VM state: not at safepoint (normal execution)

VM Mutex/Monitor currently owned by a thread: None

Heap address: 0x0000000780000000, size: 2048 MB, Compressed Oops mode: Zero based, Oop shift amount: 3

CDS archive(s) mapped at: [0x0000000800000000-0x0000000800bbb000-0x0000000800bbb000), size 12300288, SharedBaseAddress: 0x0000000800000000, ArchiveRelocationMode: 0.
Compressed class space mapped at: 0x0000000800c00000-0x0000000840c00000, reserved size: 1073741824
Narrow klass base: 0x0000000800000000, Narrow klass shift: 3, Narrow klass range: 0x100000000

GC Precious Log:
<Skipped>

Heap:
 garbage-first heap   total 133120K, used 6356K [0x0000000780000000, 0x0000000800000000)
  region size 1024K, 6 young (6144K), 0 survivors (0K)
 Metaspace       used 7357K, committed 7616K, reserved 1056768K
  class space    used 829K, committed 960K, reserved 1048576K

Heap Regions: E=young(eden), S=young(survivor), O=old, HS=humongous(starts), HC=humongous(continues), CS=collection set, F=free, OA=open archive, CA=closed archive, TAMS=top-at-mark-start (previous, next)
|   0|0x0000000780000000, 0x0000000780000000, 0x0000000780100000|  0%| F|  |TAMS 0x0000000780000000, 0x0000000780000000| Untracked 
|   1|0x0000000780100000, 0x0000000780100000, 0x0000000780200000|  0%| F|  |TAMS 0x0000000780100000, 0x0000000780100000| Untracked 
|   2|0x0000000780200000, 0x0000000780200000, 0x0000000780300000|  0%| F|  |TAMS 0x0000000780200000, 0x0000000780200000| Untracked 
|   3|0x0000000780300000, 0x0000000780300000, 0x0000000780400000|  0%| F|  |TAMS 0x0000000780300000, 0x0000000780300000| Untracked 
|   4|0x0000000780400000, 0x0000000780400000, 0x0000000780500000|  0%| F|  |TAMS 0x0000000780400000, 0x0000000780400000| Untracked 
|   5|0x0000000780500000, 0x0000000780500000, 0x0000000780600000|  0%| F|  |TAMS 0x0000000780500000, 0x0000000780500000| Untracked 
|   6|0x0000000780600000, 0x0000000780600000, 0x0000000780700000|  0%| F|  |TAMS 0x0000000780600000, 0x0000000780600000| Untracked 
|   7|0x0000000780700000, 0x0000000780700000, 0x0000000780800000|  0%| F|  |TAMS 0x0000000780700000, 0x0000000780700000| Untracked 
|   8|0x0000000780800000, 0x0000000780800000, 0x0000000780900000|  0%| F|  |TAMS 0x0000000780800000, 0x0000000780800000| Untracked 
|   9|0x0000000780900000, 0x0000000780900000, 0x0000000780a00000|  0%| F|  |TAMS 0x0000000780900000, 0x0000000780900000| Untracked 
|  10|0x0000000780a00000, 0x0000000780a00000, 0x0000000780b00000|  0%| F|  |TAMS 0x0000000780a00000, 0x0000000780a00000| Untracked 
|  11|0x0000000780b00000, 0x0000000780b00000, 0x0000000780c00000|  0%| F|  |TAMS 0x0000000780b00000, 0x0000000780b00000| Untracked 
|  12|0x0000000780c00000, 0x0000000780c00000, 0x0000000780d00000|  0%| F|  |TAMS 0x0000000780c00000, 0x0000000780c00000| Untracked 
|  13|0x0000000780d00000, 0x0000000780d00000, 0x0000000780e00000|  0%| F|  |TAMS 0x0000000780d00000, 0x0000000780d00000| Untracked 
|  14|0x0000000780e00000, 0x0000000780e00000, 0x0000000780f00000|  0%| F|  |TAMS 0x0000000780e00000, 0x0000000780e00000| Untracked 
|  15|0x0000000780f00000, 0x0000000780f00000, 0x0000000781000000|  0%| F|  |TAMS 0x0000000780f00000, 0x0000000780f00000| Untracked 
|  16|0x0000000781000000, 0x0000000781000000, 0x0000000781100000|  0%| F|  |TAMS 0x0000000781000000, 0x0000000781000000| Untracked 
|  17|0x0000000781100000, 0x0000000781100000, 0x0000000781200000|  0%| F|  |TAMS 0x0000000781100000, 0x0000000781100000| Untracked 
|  18|0x0000000781200000, 0x0000000781200000, 0x0000000781300000|  0%| F|  |TAMS 0x0000000781200000, 0x0000000781200000| Untracked 
|  19|0x0000000781300000, 0x0000000781300000, 0x0000000781400000|  0%| F|  |TAMS 0x0000000781300000, 0x0000000781300000| Untracked 
|  20|0x0000000781400000, 0x0000000781400000, 0x0000000781500000|  0%| F|  |TAMS 0x0000000781400000, 0x0000000781400000| Untracked 
|  21|0x0000000781500000, 0x0000000781500000, 0x0000000781600000|  0%| F|  |TAMS 0x0000000781500000, 0x0000000781500000| Untracked 
|  22|0x0000000781600000, 0x0000000781600000, 0x0000000781700000|  0%| F|  |TAMS 0x0000000781600000, 0x0000000781600000| Untracked 
|  23|0x0000000781700000, 0x0000000781700000, 0x0000000781800000|  0%| F|  |TAMS 0x0000000781700000, 0x0000000781700000| Untracked 
|  24|0x0000000781800000, 0x0000000781800000, 0x0000000781900000|  0%| F|  |TAMS 0x0000000781800000, 0x0000000781800000| Untracked 
|  25|0x0000000781900000, 0x0000000781900000, 0x0000000781a00000|  0%| F|  |TAMS 0x0000000781900000, 0x0000000781900000| Untracked 
|  26|0x0000000781a00000, 0x0000000781a00000, 0x0000000781b00000|  0%| F|  |TAMS 0x0000000781a00000, 0x0000000781a00000| Untracked 
|  27|0x0000000781b00000, 0x0000000781b00000, 0x0000000781c00000|  0%| F|  |TAMS 0x0000000781b00000, 0x0000000781b00000| Untracked 
|  28|0x0000000781c00000, 0x0000000781c00000, 0x0000000781d00000|  0%| F|  |TAMS 0x0000000781c00000, 0x0000000781c00000| Untracked 
|  29|0x0000000781d00000, 0x0000000781d00000, 0x0000000781e00000|  0%| F|  |TAMS 0x0000000781d00000, 0x0000000781d00000| Untracked 
|  30|0x0000000781e00000, 0x0000000781e00000, 0x0000000781f00000|  0%| F|  |TAMS 0x0000000781e00000, 0x0000000781e00000| Untracked 
|  31|0x0000000781f00000, 0x0000000781f00000, 0x0000000782000000|  0%| F|  |TAMS 0x0000000781f00000, 0x0000000781f00000| Untracked 
|  32|0x0000000782000000, 0x0000000782000000, 0x0000000782100000|  0%| F|  |TAMS 0x0000000782000000, 0x0000000782000000| Untracked 
|  33|0x0000000782100000, 0x0000000782100000, 0x0000000782200000|  0%| F|  |TAMS 0x0000000782100000, 0x0000000782100000| Untracked 
|  34|0x0000000782200000, 0x0000000782200000, 0x0000000782300000|  0%| F|  |TAMS 0x0000000782200000, 0x0000000782200000| Untracked 
|  35|0x0000000782300000, 0x0000000782300000, 0x0000000782400000|  0%| F|  |TAMS 0x0000000782300000, 0x0000000782300000| Untracked 
|  36|0x0000000782400000, 0x0000000782400000, 0x0000000782500000|  0%| F|  |TAMS 0x0000000782400000, 0x0000000782400000| Untracked 
|  37|0x0000000782500000, 0x0000000782500000, 0x0000000782600000|  0%| F|  |TAMS 0x0000000782500000, 0x0000000782500000| Untracked 
|  38|0x0000000782600000, 0x0000000782600000, 0x0000000782700000|  0%| F|  |TAMS 0x0000000782600000, 0x0000000782600000| Untracked 
|  39|0x0000000782700000, 0x0000000782700000, 0x0000000782800000|  0%| F|  |TAMS 0x0000000782700000, 0x0000000782700000| Untracked 
|  40|0x0000000782800000, 0x0000000782800000, 0x0000000782900000|  0%| F|  |TAMS 0x0000000782800000, 0x0000000782800000| Untracked 
|  41|0x0000000782900000, 0x0000000782900000, 0x0000000782a00000|  0%| F|  |TAMS 0x0000000782900000, 0x0000000782900000| Untracked 
|  42|0x0000000782a00000, 0x0000000782a00000, 0x0000000782b00000|  0%| F|  |TAMS 0x0000000782a00000, 0x0000000782a00000| Untracked 
|  43|0x0000000782b00000, 0x0000000782b00000, 0x0000000782c00000|  0%| F|  |TAMS 0x0000000782b00000, 0x0000000782b00000| Untracked 
|  44|0x0000000782c00000, 0x0000000782c00000, 0x0000000782d00000|  0%| F|  |TAMS 0x0000000782c00000, 0x0000000782c00000| Untracked 
|  45|0x0000000782d00000, 0x0000000782d00000, 0x0000000782e00000|  0%| F|  |TAMS 0x0000000782d00000, 0x0000000782d00000| Untracked 
|  46|0x0000000782e00000, 0x0000000782e00000, 0x0000000782f00000|  0%| F|  |TAMS 0x0000000782e00000, 0x0000000782e00000| Untracked 
|  47|0x0000000782f00000, 0x0000000782f00000, 0x0000000783000000|  0%| F|  |TAMS 0x0000000782f00000, 0x0000000782f00000| Untracked 
|  48|0x0000000783000000, 0x0000000783000000, 0x0000000783100000|  0%| F|  |TAMS 0x0000000783000000, 0x0000000783000000| Untracked 
|  49|0x0000000783100000, 0x0000000783100000, 0x0000000783200000|  0%| F|  |TAMS 0x0000000783100000, 0x0000000783100000| Untracked 
|  50|0x0000000783200000, 0x0000000783200000, 0x0000000783300000|  0%| F|  |TAMS 0x0000000783200000, 0x0000000783200000| Untracked 
|  51|0x0000000783300000, 0x0000000783300000, 0x0000000783400000|  0%| F|  |TAMS 0x0000000783300000, 0x0000000783300000| Untracked 
|  52|0x0000000783400000, 0x0000000783400000, 0x0000000783500000|  0%| F|  |TAMS 0x0000000783400000, 0x0000000783400000| Untracked 
|  53|0x0000000783500000, 0x0000000783500000, 0x0000000783600000|  0%| F|  |TAMS 0x0000000783500000, 0x0000000783500000| Untracked 
|  54|0x0000000783600000, 0x0000000783600000, 0x0000000783700000|  0%| F|  |TAMS 0x0000000783600000, 0x0000000783600000| Untracked 
|  55|0x0000000783700000, 0x0000000783700000, 0x0000000783800000|  0%| F|  |TAMS 0x0000000783700000, 0x0000000783700000| Untracked 
|  56|0x0000000783800000, 0x0000000783800000, 0x0000000783900000|  0%| F|  |TAMS 0x0000000783800000, 0x0000000783800000| Untracked 
|  57|0x0000000783900000, 0x0000000783900000, 0x0000000783a00000|  0%| F|  |TAMS 0x0000000783900000, 0x0000000783900000| Untracked 
|  58|0x0000000783a00000, 0x0000000783a00000, 0x0000000783b00000|  0%| F|  |TAMS 0x0000000783a00000, 0x0000000783a00000| Untracked 
|  59|0x0000000783b00000, 0x0000000783b00000, 0x0000000783c00000|  0%| F|  |TAMS 0x0000000783b00000, 0x0000000783b00000| Untracked 
|  60|0x0000000783c00000, 0x0000000783c00000, 0x0000000783d00000|  0%| F|  |TAMS 0x0000000783c00000, 0x0000000783c00000| Untracked 
|  61|0x0000000783d00000, 0x0000000783d00000, 0x0000000783e00000|  0%| F|  |TAMS 0x0000000783d00000, 0x0000000783d00000| Untracked 
|  62|0x0000000783e00000, 0x0000000783e00000, 0x0000000783f00000|  0%| F|  |TAMS 0x0000000783e00000, 0x0000000783e00000| Untracked 
|  63|0x0000000783f00000, 0x0000000783f00000, 0x0000000784000000|  0%| F|  |TAMS 0x0000000783f00000, 0x0000000783f00000| Untracked 
|  64|0x0000000784000000, 0x0000000784000000, 0x0000000784100000|  0%| F|  |TAMS 0x0000000784000000, 0x0000000784000000| Untracked 
|  65|0x0000000784100000, 0x0000000784100000, 0x0000000784200000|  0%| F|  |TAMS 0x0000000784100000, 0x0000000784100000| Untracked 
|  66|0x0000000784200000, 0x0000000784200000, 0x0000000784300000|  0%| F|  |TAMS 0x0000000784200000, 0x0000000784200000| Untracked 
|  67|0x0000000784300000, 0x0000000784300000, 0x0000000784400000|  0%| F|  |TAMS 0x0000000784300000, 0x0000000784300000| Untracked 
|  68|0x0000000784400000, 0x0000000784400000, 0x0000000784500000|  0%| F|  |TAMS 0x0000000784400000, 0x0000000784400000| Untracked 
|  69|0x0000000784500000, 0x0000000784500000, 0x0000000784600000|  0%| F|  |TAMS 0x0000000784500000, 0x0000000784500000| Untracked 
|  70|0x0000000784600000, 0x0000000784600000, 0x0000000784700000|  0%| F|  |TAMS 0x0000000784600000, 0x0000000784600000| Untracked 
|  71|0x0000000784700000, 0x0000000784700000, 0x0000000784800000|  0%| F|  |TAMS 0x0000000784700000, 0x0000000784700000| Untracked 
|  72|0x0000000784800000, 0x0000000784800000, 0x0000000784900000|  0%| F|  |TAMS 0x0000000784800000, 0x0000000784800000| Untracked 
|  73|0x0000000784900000, 0x0000000784900000, 0x0000000784a00000|  0%| F|  |TAMS 0x0000000784900000, 0x0000000784900000| Untracked 
|  74|0x0000000784a00000, 0x0000000784a00000, 0x0000000784b00000|  0%| F|  |TAMS 0x0000000784a00000, 0x0000000784a00000| Untracked 
|  75|0x0000000784b00000, 0x0000000784b00000, 0x0000000784c00000|  0%| F|  |TAMS 0x0000000784b00000, 0x0000000784b00000| Untracked 
|  76|0x0000000784c00000, 0x0000000784c00000, 0x0000000784d00000|  0%| F|  |TAMS 0x0000000784c00000, 0x0000000784c00000| Untracked 
|  77|0x0000000784d00000, 0x0000000784d00000, 0x0000000784e00000|  0%| F|  |TAMS 0x0000000784d00000, 0x0000000784d00000| Untracked 
|  78|0x0000000784e00000, 0x0000000784e00000, 0x0000000784f00000|  0%| F|  |TAMS 0x0000000784e00000, 0x0000000784e00000| Untracked 
|  79|0x0000000784f00000, 0x0000000784f00000, 0x0000000785000000|  0%| F|  |TAMS 0x0000000784f00000, 0x0000000784f00000| Untracked 
|  80|0x0000000785000000, 0x0000000785000000, 0x0000000785100000|  0%| F|  |TAMS 0x0000000785000000, 0x0000000785000000| Untracked 
|  81|0x0000000785100000, 0x0000000785100000, 0x0000000785200000|  0%| F|  |TAMS 0x0000000785100000, 0x0000000785100000| Untracked 
|  82|0x0000000785200000, 0x0000000785200000, 0x0000000785300000|  0%| F|  |TAMS 0x0000000785200000, 0x0000000785200000| Untracked 
|  83|0x0000000785300000, 0x0000000785300000, 0x0000000785400000|  0%| F|  |TAMS 0x0000000785300000, 0x0000000785300000| Untracked 
|  84|0x0000000785400000, 0x0000000785400000, 0x0000000785500000|  0%| F|  |TAMS 0x0000000785400000, 0x0000000785400000| Untracked 
|  85|0x0000000785500000, 0x0000000785500000, 0x0000000785600000|  0%| F|  |TAMS 0x0000000785500000, 0x0000000785500000| Untracked 
|  86|0x0000000785600000, 0x0000000785600000, 0x0000000785700000|  0%| F|  |TAMS 0x0000000785600000, 0x0000000785600000| Untracked 
|  87|0x0000000785700000, 0x0000000785700000, 0x0000000785800000|  0%| F|  |TAMS 0x0000000785700000, 0x0000000785700000| Untracked 
|  88|0x0000000785800000, 0x0000000785800000, 0x0000000785900000|  0%| F|  |TAMS 0x0000000785800000, 0x0000000785800000| Untracked 
|  89|0x0000000785900000, 0x0000000785900000, 0x0000000785a00000|  0%| F|  |TAMS 0x0000000785900000, 0x0000000785900000| Untracked 
|  90|0x0000000785a00000, 0x0000000785a00000, 0x0000000785b00000|  0%| F|  |TAMS 0x0000000785a00000, 0x0000000785a00000| Untracked 
|  91|0x0000000785b00000, 0x0000000785b00000, 0x0000000785c00000|  0%| F|  |TAMS 0x0000000785b00000, 0x0000000785b00000| Untracked 
|  92|0x0000000785c00000, 0x0000000785c00000, 0x0000000785d00000|  0%| F|  |TAMS 0x0000000785c00000, 0x0000000785c00000| Untracked 
|  93|0x0000000785d00000, 0x0000000785d00000, 0x0000000785e00000|  0%| F|  |TAMS 0x0000000785d00000, 0x0000000785d00000| Untracked 
|  94|0x0000000785e00000, 0x0000000785e00000, 0x0000000785f00000|  0%| F|  |TAMS 0x0000000785e00000, 0x0000000785e00000| Untracked 
|  95|0x0000000785f00000, 0x0000000785f00000, 0x0000000786000000|  0%| F|  |TAMS 0x0000000785f00000, 0x0000000785f00000| Untracked 
|  96|0x0000000786000000, 0x0000000786000000, 0x0000000786100000|  0%| F|  |TAMS 0x0000000786000000, 0x0000000786000000| Untracked 
|  97|0x0000000786100000, 0x0000000786100000, 0x0000000786200000|  0%| F|  |TAMS 0x0000000786100000, 0x0000000786100000| Untracked 
|  98|0x0000000786200000, 0x0000000786200000, 0x0000000786300000|  0%| F|  |TAMS 0x0000000786200000, 0x0000000786200000| Untracked 
|  99|0x0000000786300000, 0x0000000786300000, 0x0000000786400000|  0%| F|  |TAMS 0x0000000786300000, 0x0000000786300000| Untracked 
| 100|0x0000000786400000, 0x0000000786400000, 0x0000000786500000|  0%| F|  |TAMS 0x0000000786400000, 0x0000000786400000| Untracked 
| 101|0x0000000786500000, 0x0000000786500000, 0x0000000786600000|  0%| F|  |TAMS 0x0000000786500000, 0x0000000786500000| Untracked 
| 102|0x0000000786600000, 0x0000000786600000, 0x0000000786700000|  0%| F|  |TAMS 0x0000000786600000, 0x0000000786600000| Untracked 
| 103|0x0000000786700000, 0x0000000786700000, 0x0000000786800000|  0%| F|  |TAMS 0x0000000786700000, 0x0000000786700000| Untracked 
| 104|0x0000000786800000, 0x0000000786800000, 0x0000000786900000|  0%| F|  |TAMS 0x0000000786800000, 0x0000000786800000| Untracked 
| 105|0x0000000786900000, 0x0000000786900000, 0x0000000786a00000|  0%| F|  |TAMS 0x0000000786900000, 0x0000000786900000| Untracked 
| 106|0x0000000786a00000, 0x0000000786a00000, 0x0000000786b00000|  0%| F|  |TAMS 0x0000000786a00000, 0x0000000786a00000| Untracked 
| 107|0x0000000786b00000, 0x0000000786b00000, 0x0000000786c00000|  0%| F|  |TAMS 0x0000000786b00000, 0x0000000786b00000| Untracked 
| 108|0x0000000786c00000, 0x0000000786c00000, 0x0000000786d00000|  0%| F|  |TAMS 0x0000000786c00000, 0x0000000786c00000| Untracked 
| 109|0x0000000786d00000, 0x0000000786d00000, 0x0000000786e00000|  0%| F|  |TAMS 0x0000000786d00000, 0x0000000786d00000| Untracked 
| 110|0x0000000786e00000, 0x0000000786e00000, 0x0000000786f00000|  0%| F|  |TAMS 0x0000000786e00000, 0x0000000786e00000| Untracked 
| 111|0x0000000786f00000, 0x0000000786f00000, 0x0000000787000000|  0%| F|  |TAMS 0x0000000786f00000, 0x0000000786f00000| Untracked 
| 112|0x0000000787000000, 0x0000000787000000, 0x0000000787100000|  0%| F|  |TAMS 0x0000000787000000, 0x0000000787000000| Untracked 
| 113|0x0000000787100000, 0x0000000787100000, 0x0000000787200000|  0%| F|  |TAMS 0x0000000787100000, 0x0000000787100000| Untracked 
| 114|0x0000000787200000, 0x0000000787200000, 0x0000000787300000|  0%| F|  |TAMS 0x0000000787200000, 0x0000000787200000| Untracked 
| 115|0x0000000787300000, 0x0000000787300000, 0x0000000787400000|  0%| F|  |TAMS 0x0000000787300000, 0x0000000787300000| Untracked 
| 116|0x0000000787400000, 0x0000000787400000, 0x0000000787500000|  0%| F|  |TAMS 0x0000000787400000, 0x0000000787400000| Untracked 
| 117|0x0000000787500000, 0x0000000787500000, 0x0000000787600000|  0%| F|  |TAMS 0x0000000787500000, 0x0000000787500000| Untracked 
| 118|0x0000000787600000, 0x0000000787600000, 0x0000000787700000|  0%| F|  |TAMS 0x0000000787600000, 0x0000000787600000| Untracked 
| 119|0x0000000787700000, 0x0000000787700000, 0x0000000787800000|  0%| F|  |TAMS 0x0000000787700000, 0x0000000787700000| Untracked 
| 120|0x0000000787800000, 0x0000000787800000, 0x0000000787900000|  0%| F|  |TAMS 0x0000000787800000, 0x0000000787800000| Untracked 
| 121|0x0000000787900000, 0x0000000787900000, 0x0000000787a00000|  0%| F|  |TAMS 0x0000000787900000, 0x0000000787900000| Untracked 
| 122|0x0000000787a00000, 0x0000000787a43108, 0x0000000787b00000| 26%| E|  |TAMS 0x0000000787a00000, 0x0000000787a00000| Complete 
| 123|0x0000000787b00000, 0x0000000787c00000, 0x0000000787c00000|100%| E|CS|TAMS 0x0000000787b00000, 0x0000000787b00000| Complete 
| 124|0x0000000787c00000, 0x0000000787d00000, 0x0000000787d00000|100%| E|CS|TAMS 0x0000000787c00000, 0x0000000787c00000| Complete 
| 125|0x0000000787d00000, 0x0000000787e00000, 0x0000000787e00000|100%| E|CS|TAMS 0x0000000787d00000, 0x0000000787d00000| Complete 
| 126|0x0000000787e00000, 0x0000000787f00000, 0x0000000787f00000|100%| E|CS|TAMS 0x0000000787e00000, 0x0000000787e00000| Complete 
| 127|0x0000000787f00000, 0x0000000788000000, 0x0000000788000000|100%| E|CS|TAMS 0x0000000787f00000, 0x0000000787f00000| Complete 
|1022|0x00000007bfe00000, 0x00000007bfe75000, 0x00000007bff00000| 45%|OA|  |TAMS 0x00000007bfe00000, 0x00000007bfe00000| Untracked 
|1023|0x00000007bff00000, 0x00000007bff7d000, 0x00000007c0000000| 48%|CA|  |TAMS 0x00000007bff00000, 0x00000007bff00000| Untracked 

Card table byte_map: [0x0000000100e09000,0x0000000101209000] _byte_map_base: 0x00000000fd209000

Marking Bits (Prev, Next): (CMBitMap*) 0x00007fbcf4808c10, (CMBitMap*) 0x00007fbcf4808c50
 Prev Bits: [0x0000000109e55000, 0x000000010be55000)
 Next Bits: [0x000000010be55000, 0x000000010de55000)

Polling page: 0x0000000100785000

Metaspace:

Usage:
  Non-class:      6.37 MB used.
      Class:    829.63 KB used.
       Both:      7.18 MB used.

Virtual space:
  Non-class space:        8.00 MB reserved,       6.50 MB ( 81%) committed,  1 nodes.
      Class space:        1.00 GB reserved,     960.00 KB ( <1%) committed,  1 nodes.
              Both:        1.01 GB reserved,       7.44 MB ( <1%) committed. 

Chunk freelists:
   Non-Class:  1018.00 KB
       Class:  3.09 MB
        Both:  4.09 MB

MaxMetaspaceSize: 17179869184.00 GB
CompressedClassSpaceSize: 1.00 GB
 - commit_granule_bytes: 65536.
 - commit_granule_words: 8192.
 - virtual_space_node_default_size: 1048576.
 - enlarge_chunks_in_place: 1.
 - new_chunks_are_fully_committed: 0.
 - uncommit_free_chunks: 1.
 - use_allocation_guard: 0.
 - handle_deallocations: 1.


Internal statistics:

num_allocs_failed_limit: 0.
num_arena_births: 162.
num_arena_deaths: 0.
num_vsnodes_births: 2.
num_vsnodes_deaths: 0.
num_space_committed: 119.
num_space_uncommitted: 0.
num_chunks_returned_to_freelist: 0.
num_chunks_taken_from_freelist: 193.
num_chunk_merges: 0.
num_chunk_splits: 125.
num_chunks_enlarged: 71.
num_purges: 0.

CodeHeap 'non-profiled nmethods': size=120032Kb used=197Kb max_used=197Kb free=119834Kb
 bounds [0x0000000116a83000, 0x0000000116cf3000, 0x000000011dfbb000]
CodeHeap 'profiled nmethods': size=120028Kb used=1027Kb max_used=1027Kb free=119001Kb
 bounds [0x000000010f54c000, 0x000000010f7bc000, 0x0000000116a83000]
CodeHeap 'non-nmethods': size=5700Kb used=1276Kb max_used=1293Kb free=4423Kb
 bounds [0x000000010efbb000, 0x000000010f22b000, 0x000000010f54c000]
 total_blobs=1259 nmethods=656 adapters=517
 compilation: enabled
              stopped_count=0, restarted_count=0
 full_count=0

Compilation events (20 events):
Event: 2.944 Thread 0x00007fbcf6010e00  649   !   4       sun.nio.ch.NioSocketImpl::available (37 bytes)
Event: 2.946 Thread 0x00007fbcf6010e00 nmethod 649 0x0000000116ab2090 code [0x0000000116ab2220, 0x0000000116ab2528]
Event: 2.946 Thread 0x00007fbcf6010e00  647       4       java.net.Socket$SocketInputStream::available (8 bytes)
Event: 2.949 Thread 0x00007fbcf6010e00 nmethod 647 0x0000000116ab2690 code [0x0000000116ab2820, 0x0000000116ab2b88]
Event: 2.949 Thread 0x00007fbcf6010e00  648       4       sun.nio.ch.NioSocketImpl$1::available (8 bytes)
Event: 2.953 Thread 0x00007fbcf6010e00 nmethod 648 0x0000000116ab2d90 code [0x0000000116ab2f20, 0x0000000116ab3228]
Event: 3.044 Thread 0x00007fbcf484a400  650       3       java.security.AccessControlContext::optimize (319 bytes)
Event: 3.047 Thread 0x00007fbcf484a400 nmethod 650 0x000000010f645790 code [0x000000010f645b20, 0x000000010f647130]
Event: 3.048 Thread 0x00007fbcf484a400  651 % !   3       ServerScreen::poll @ 80 (162 bytes)
Event: 3.050 Thread 0x00007fbcf484a400 nmethod 651% 0x000000010f647790 code [0x000000010f647b60, 0x000000010f649270]
Event: 3.051 Thread 0x00007fbcf484a400  652   !   3       ServerScreen::poll (162 bytes)
Event: 3.053 Thread 0x00007fbcf484a400 nmethod 652 0x000000010f649e90 code [0x000000010f64a260, 0x000000010f64b8b0]
Event: 3.093 Thread 0x00007fbcf6010e00  653 % !   4       ServerScreen::poll @ 80 (162 bytes)
Event: 3.102 Thread 0x00007fbcf6010e00 nmethod 653% 0x0000000116ab3390 code [0x0000000116ab35a0, 0x0000000116ab3cd0]
Event: 3.126 Thread 0x00007fbcf484a400  654       3       sun.awt.AWTAutoShutdown::notifyToolkitThreadBusy (8 bytes)
Event: 3.126 Thread 0x00007fbcf484a400 nmethod 654 0x000000010f64c410 code [0x000000010f64c5c0, 0x000000010f64c740]
Event: 3.126 Thread 0x00007fbcf484a400  655       3       sun.awt.AWTAutoShutdown::notifyToolkitThreadFree (8 bytes)
Event: 3.126 Thread 0x00007fbcf484a400 nmethod 655 0x000000010f64c810 code [0x000000010f64c9c0, 0x000000010f64cb40]
Event: 3.239 Thread 0x00007fbcf484a400  656       1       sun.lwawt.LWComponentPeer::getTarget (5 bytes)
Event: 3.239 Thread 0x00007fbcf484a400 nmethod 656 0x0000000116ab4210 code [0x0000000116ab43a0, 0x0000000116ab4470]

GC Heap History (0 events):
No events

Deoptimization events (10 events):
Event: 1.003 Thread 0x00007fbcf490f600 Uncommon trap: trap_request=0xffffff45 fr.pc=0x0000000116a9b27c relative=0x000000000000005c
Event: 1.003 Thread 0x00007fbcf490f600 Uncommon trap: reason=unstable_if action=reinterpret pc=0x0000000116a9b27c method=java.lang.String.isLatin1()Z @ 10 c2
Event: 1.003 Thread 0x00007fbcf490f600 DEOPT PACKING pc=0x0000000116a9b27c sp=0x000070000e7781f0
Event: 1.003 Thread 0x00007fbcf490f600 DEOPT UNPACKING pc=0x000000010f008424 sp=0x000070000e7781a0 mode 2
Event: 2.656 Thread 0x00007fbcf490f600 Uncommon trap: trap_request=0xffffff45 fr.pc=0x0000000116aac1fc relative=0x00000000000004bc
Event: 2.656 Thread 0x00007fbcf490f600 Uncommon trap: reason=unstable_if action=reinterpret pc=0x0000000116aac1fc method=java.lang.StringLatin1.toLowerCase(Ljava/lang/String;[BLjava/util/Locale;)Ljava/lang/String; @ 43 c2
Event: 2.656 Thread 0x00007fbcf490f600 DEOPT PACKING pc=0x0000000116aac1fc sp=0x000070000e778580
Event: 2.656 Thread 0x00007fbcf490f600 DEOPT UNPACKING pc=0x000000010f008424 sp=0x000070000e778510 mode 2
Event: 3.103 Thread 0x00007fbcf6808a00 DEOPT PACKING pc=0x000000010f648e6c sp=0x000070000cf299e0
Event: 3.103 Thread 0x00007fbcf6808a00 DEOPT UNPACKING pc=0x000000010f008bba sp=0x000070000cf28f38 mode 0

Classes unloaded (0 events):
No events

Classes redefined (0 events):
No events

Internal exceptions (20 events):
Event: 0.194 Thread 0x00007fbcf6808a00 Exception <a 'java/lang/ClassNotFoundException'{0x0000000787e79a70}: sun/awt/resources/spi/awtosxProvider> (0x0000000787e79a70) 
thrown [./open/src/hotspot/share/classfile/systemDictionary.cpp, line 256]
Event: 0.562 Thread 0x00007fbcf6808a00 Exception <a 'java/lang/NoSuchMethodError'{0x0000000787eca660}: 'void java.lang.invoke.DirectMethodHandle$Holder.invokeStatic(java.lang.Object, java.lang.Object)'> (0x0000000787eca660) 
thrown [./open/src/hotspot/share/interpreter/linkResolver.cpp, line 790]
Event: 0.635 Thread 0x00007fbcf6808a00 Exception <a 'java/lang/NoSuchMethodError'{0x0000000787d072c8}: 'void java.lang.invoke.DirectMethodHandle$Holder.invokeStaticInit(java.lang.Object)'> (0x0000000787d072c8) 
thrown [./open/src/hotspot/share/interpreter/linkResolver.cpp, line 790]
Event: 0.674 Thread 0x00007fbcf6808a00 Exception <a 'java/lang/NoSuchMethodError'{0x0000000787d2a368}: 'java.lang.Object java.lang.invoke.DirectMethodHandle$Holder.newInvokeSpecial(java.lang.Object, java.lang.Object, java.lang.Object, java.lang.Object, java.lang.Object)'> (0x0000000787d2a368) 
thrown [./open/src/hotspot/share/interpreter/linkResolver.cpp, line 790]
Event: 0.677 Thread 0x00007fbcf6808a00 Exception <a 'java/lang/NoSuchMethodError'{0x0000000787d35e50}: 'java.lang.Object java.lang.invoke.DirectMethodHandle$Holder.invokeStatic(java.lang.Object, int, java.lang.Object, java.lang.Object, java.lang.Object, java.lang.Object)'> (0x0000000787d35e50) 
thrown [./open/src/hotspot/share/interpreter/linkResolver.cpp, line 790]
Event: 0.686 Thread 0x00007fbcf6808a00 Exception <a 'java/lang/NoSuchMethodError'{0x0000000787d5c148}: 'java.lang.Object java.lang.invoke.DirectMethodHandle$Holder.invokeStatic(java.lang.Object, int, java.lang.Object)'> (0x0000000787d5c148) 
thrown [./open/src/hotspot/share/interpreter/linkResolver.cpp, line 790]
Event: 0.727 Thread 0x00007fbcf6808a00 Exception <a 'java/lang/ClassNotFoundException'{0x0000000787d8d630}: com/apple/laf/resources/spi/aquaProvider> (0x0000000787d8d630) 
thrown [./open/src/hotspot/share/classfile/systemDictionary.cpp, line 256]
Event: 0.801 Thread 0x00007fbcf6808a00 Exception <a 'java/lang/ClassNotFoundException'{0x0000000787dfcca8}: com/sun/swing/internal/plaf/basic/resources/spi/basicProvider> (0x0000000787dfcca8) 
thrown [./open/src/hotspot/share/classfile/systemDictionary.cpp, line 256]
Event: 0.838 Thread 0x00007fbcf6808a00 Exception <a 'java/lang/NoSuchMethodError'{0x0000000787c33440}: 'java.lang.Object java.lang.invoke.DirectMethodHandle$Holder.newInvokeSpecial(java.lang.Object, java.lang.Object, java.lang.Object, int, java.lang.Object)'> (0x0000000787c33440) 
thrown [./open/src/hotspot/share/interpreter/linkResolver.cpp, line 790]
Event: 0.839 Thread 0x00007fbcf6808a00 Exception <a 'java/lang/NoSuchMethodError'{0x0000000787c3b070}: 'java.lang.Object java.lang.invoke.Invokers$Holder.linkToTargetMethod(java.lang.Object, java.lang.Object, int, java.lang.Object, java.lang.Object)'> (0x0000000787c3b070) 
thrown [./open/src/hotspot/share/interpreter/linkResolver.cpp, line 790]
Event: 0.879 Thread 0x00007fbcf6808a00 Exception <a 'java/lang/NoSuchMethodError'{0x0000000787c4d0a0}: 'java.lang.Object java.lang.invoke.Invokers$Holder.linkToTargetMethod(int, int, int, int, java.lang.Object)'> (0x0000000787c4d0a0) 
thrown [./open/src/hotspot/share/interpreter/linkResolver.cpp, line 790]
Event: 0.881 Thread 0x00007fbcf6808a00 Exception <a 'java/lang/NoSuchMethodError'{0x0000000787c50d68}: 'void java.lang.invoke.DirectMethodHandle$Holder.invokeStatic(java.lang.Object, java.lang.Object, long)'> (0x0000000787c50d68) 
thrown [./open/src/hotspot/share/interpreter/linkResolver.cpp, line 790]
Event: 0.893 Thread 0x00007fbcf4849e00 Exception <a 'java/lang/NoSuchMethodError'{0x0000000787c93688}: 'void java.lang.invoke.DirectMethodHandle$Holder.invokeSpecial(java.lang.Object, java.lang.Object, long)'> (0x0000000787c93688) 
thrown [./open/src/hotspot/share/interpreter/linkResolver.cpp, line 790]
Event: 0.952 Thread 0x00007fbcf6808a00 Exception <a 'java/lang/NoSuchMethodError'{0x0000000787c67650}: 'void java.lang.invoke.DirectMethodHandle$Holder.invokeStatic(java.lang.Object, long, long)'> (0x0000000787c67650) 
thrown [./open/src/hotspot/share/interpreter/linkResolver.cpp, line 790]
Event: 0.954 Thread 0x00007fbcf6808a00 Exception <a 'java/lang/NoSuchMethodError'{0x0000000787c6cea0}: 'java.lang.Object java.lang.invoke.DirectMethodHandle$Holder.newInvokeSpecial(java.lang.Object, long)'> (0x0000000787c6cea0) 
thrown [./open/src/hotspot/share/interpreter/linkResolver.cpp, line 790]
Event: 0.957 Thread 0x00007fbcf6808a00 Exception <a 'java/lang/NoSuchMethodError'{0x0000000787c775a8}: 'java.lang.Object java.lang.invoke.DirectMethodHandle$Holder.newInvokeSpecial(java.lang.Object, java.lang.Object, int)'> (0x0000000787c775a8) 
thrown [./open/src/hotspot/share/interpreter/linkResolver.cpp, line 790]
Event: 0.984 Thread 0x00007fbcf4849e00 Exception <a 'java/lang/NoSuchMethodError'{0x0000000787ca4110}: 'void java.lang.invoke.DirectMethodHandle$Holder.invokeStatic(java.lang.Object, long)'> (0x0000000787ca4110) 
thrown [./open/src/hotspot/share/interpreter/linkResolver.cpp, line 790]
Event: 2.901 Thread 0x00007fbcf6808a00 Exception <a 'java/lang/NoSuchMethodError'{0x0000000787b20500}: static LGame;.<clinit>()V> (0x0000000787b20500) 
thrown [./open/src/hotspot/share/prims/jni.cpp, line 1210]
Event: 2.928 Thread 0x00007fbcf6808a00 Exception <a 'java/lang/NoSuchMethodError'{0x0000000787a1cec0}: static [[I.<clinit>()V> (0x0000000787a1cec0) 
thrown [./open/src/hotspot/share/prims/jni.cpp, line 1210]
Event: 2.928 Thread 0x00007fbcf6808a00 Exception <a 'java/lang/NoSuchMethodError'{0x0000000787a1d8d8}: static [I.<clinit>()V> (0x0000000787a1d8d8) 
thrown [./open/src/hotspot/share/prims/jni.cpp, line 1210]

Events (20 events):
Event: 2.924 loading class java/util/LinkedHashMap$LinkedKeyIterator
Event: 2.924 loading class java/util/LinkedHashMap$LinkedKeyIterator done
Event: 2.926 loading class sun/security/provider/SHA
Event: 2.926 loading class sun/security/provider/DigestBase
Event: 2.926 loading class sun/security/provider/DigestBase done
Event: 2.926 loading class sun/security/provider/SHA done
Event: 2.927 loading class sun/security/jca/GetInstance$Instance
Event: 2.927 loading class sun/security/jca/GetInstance$Instance done
Event: 2.927 loading class java/security/MessageDigest$Delegate
Event: 2.927 loading class sun/security/util/MessageDigestSpi2
Event: 2.927 loading class sun/security/util/MessageDigestSpi2 done
Event: 2.927 loading class java/security/MessageDigest$Delegate done
Event: 2.927 loading class java/security/MessageDigest$Delegate$CloneableDelegate
Event: 2.927 loading class java/security/MessageDigest$Delegate$CloneableDelegate done
Event: 2.927 loading class sun/security/provider/ByteArrayAccess
Event: 2.927 loading class sun/security/provider/ByteArrayAccess done
Event: 2.928 loading class java/io/ObjectStreamClass$ClassDataSlot
Event: 2.928 loading class java/io/ObjectStreamClass$ClassDataSlot done
Event: 2.928 loading class java/io/ObjectStreamClass$ExceptionInfo
Event: 2.928 loading class java/io/ObjectStreamClass$ExceptionInfo done


Dynamic libraries:
0x0000000100767000 	/Library/Java/JavaVirtualMachines/jdk-16.0.2.jdk/Contents/Home/lib/libjli.dylib
0x00007ff80d597000 	/usr/lib/libz.1.dylib
0x00007ff80d677000 	/usr/lib/libSystem.B.dylib
0x00007ff80d672000 	/usr/lib/system/libcache.dylib
0x00007ff80d62e000 	/usr/lib/system/libcommonCrypto.dylib
0x00007ff80d657000 	/usr/lib/system/libcompiler_rt.dylib
0x00007ff80d64d000 	/usr/lib/system/libcopyfile.dylib
0x00007ff802693000 	/usr/lib/system/libcorecrypto.dylib
0x00007ff802752000 	/usr/lib/system/libdispatch.dylib
0x00007ff802911000 	/usr/lib/system/libdyld.dylib
0x00007ff80d669000 	/usr/lib/system/libkeymgr.dylib
0x00007ff80d60c000 	/usr/lib/system/libmacho.dylib
0x00007ff80cc9c000 	/usr/lib/system/libquarantine.dylib
0x00007ff80d667000 	/usr/lib/system/libremovefile.dylib
0x00007ff807875000 	/usr/lib/system/libsystem_asl.dylib
0x00007ff802641000 	/usr/lib/system/libsystem_blocks.dylib
0x00007ff8027d6000 	/usr/lib/system/libsystem_c.dylib
0x00007ff80d65f000 	/usr/lib/system/libsystem_collections.dylib
0x00007ff80bf44000 	/usr/lib/system/libsystem_configuration.dylib
0x00007ff80b205000 	/usr/lib/system/libsystem_containermanager.dylib
0x00007ff80d349000 	/usr/lib/system/libsystem_coreservices.dylib
0x00007ff804f3b000 	/usr/lib/system/libsystem_darwin.dylib
0x00007ff80d66a000 	/usr/lib/system/libsystem_dnssd.dylib
0x00007ff8027d3000 	/usr/lib/system/libsystem_featureflags.dylib
0x00007ff802927000 	/usr/lib/system/libsystem_info.dylib
0x00007ff80d5aa000 	/usr/lib/system/libsystem_m.dylib
0x00007ff802726000 	/usr/lib/system/libsystem_malloc.dylib
0x00007ff807812000 	/usr/lib/system/libsystem_networkextension.dylib
0x00007ff805363000 	/usr/lib/system/libsystem_notify.dylib
0x00007ff8137e6000 	/usr/lib/system/libsystem_product_info_filter.dylib
0x00007ff80bf48000 	/usr/lib/system/libsystem_sandbox.dylib
0x00007ff80d664000 	/usr/lib/system/libsystem_secinit.dylib
0x00007ff8028ce000 	/usr/lib/system/libsystem_kernel.dylib
0x00007ff80291d000 	/usr/lib/system/libsystem_platform.dylib
0x00007ff802905000 	/usr/lib/system/libsystem_pthread.dylib
0x00007ff8090ca000 	/usr/lib/system/libsystem_symptoms.dylib
0x00007ff80267a000 	/usr/lib/system/libsystem_trace.dylib
0x00007ff80d63a000 	/usr/lib/system/libunwind.dylib
0x00007ff802643000 	/usr/lib/system/libxpc.dylib
0x00007ff8028b8000 	/usr/lib/libc++abi.dylib
0x00007ff802799000 	/usr/lib/libobjc.A.dylib
0x00007ff80d645000 	/usr/lib/liboah.dylib
0x00007ff80285f000 	/usr/lib/libc++.1.dylib
0x00007ff81953c000 	/System/Library/Frameworks/Cocoa.framework/Versions/A/Cocoa
0x00007ff8053c1000 	/System/Library/Frameworks/AppKit.framework/Versions/C/AppKit
0x00007ff8088b7000 	/System/Library/Frameworks/CoreData.framework/Versions/A/CoreData
0x00007ff8037d8000 	/System/Library/Frameworks/Foundation.framework/Versions/C/Foundation
0x00007ff806250000 	/System/Library/PrivateFrameworks/UIFoundation.framework/Versions/A/UIFoundation
0x00007ff8134ed000 	/System/Library/PrivateFrameworks/RemoteViewServices.framework/Versions/A/RemoteViewServices
0x00007ff80b8dd000 	/System/Library/PrivateFrameworks/XCTTargetBootstrap.framework/Versions/A/XCTTargetBootstrap
0x00007ff80f487000 	/System/Library/PrivateFrameworks/InternationalSupport.framework/Versions/A/InternationalSupport
0x00007ff80f511000 	/System/Library/PrivateFrameworks/UserActivity.framework/Versions/A/UserActivity
0x00007ff80e867000 	/usr/lib/libspindump.dylib
0x00007ff8064de000 	/System/Library/Frameworks/UniformTypeIdentifiers.framework/Versions/A/UniformTypeIdentifiers
0x00007ff80a01a000 	/usr/lib/libapp_launch_measurement.dylib
0x00007ff809283000 	/System/Library/PrivateFrameworks/CoreAnalytics.framework/Versions/A/CoreAnalytics
0x00007ff80a01d000 	/System/Library/PrivateFrameworks/CoreAutoLayout.framework/Versions/A/CoreAutoLayout
0x00007ff80b23d000 	/System/Library/Frameworks/Metal.framework/Versions/A/Metal
0x00007ff80bf53000 	/usr/lib/liblangid.dylib
0x00007ff80b8e1000 	/System/Library/PrivateFrameworks/CoreSVG.framework/Versions/A/CoreSVG
0x00007ff8078a5000 	/System/Library/PrivateFrameworks/SkyLight.framework/Versions/A/SkyLight
0x00007ff807c38000 	/System/Library/Frameworks/CoreGraphics.framework/Versions/A/CoreGraphics
0x00007ff813b5c000 	/System/Library/Frameworks/Accelerate.framework/Versions/A/Accelerate
0x00007ff80e2e2000 	/System/Library/PrivateFrameworks/IconServices.framework/Versions/A/IconServices
0x00007ff80b222000 	/System/Library/Frameworks/IOSurface.framework/Versions/A/IOSurface
0x00007ff8092b1000 	/usr/lib/libDiagnosticMessagesClient.dylib
0x00007ff8171cb000 	/System/Library/Frameworks/ApplicationServices.framework/Versions/A/ApplicationServices
0x00007ff80b8c9000 	/System/Library/PrivateFrameworks/DFRFoundation.framework/Versions/A/DFRFoundation
0x00007ff804cb2000 	/usr/lib/libicucore.A.dylib
0x00007ff8101ac000 	/System/Library/Frameworks/AudioToolbox.framework/Versions/A/AudioToolbox
0x00007ff80f493000 	/System/Library/PrivateFrameworks/DataDetectorsCore.framework/Versions/A/DataDetectorsCore
0x00007ff90adf2000 	/System/Library/PrivateFrameworks/TextInput.framework/Versions/A/TextInput
0x00007ff807829000 	/usr/lib/libMobileGestalt.dylib
0x00007ff80b5d1000 	/System/Library/Frameworks/Carbon.framework/Versions/A/Frameworks/HIToolbox.framework/Versions/A/HIToolbox
0x00007ff809a47000 	/System/Library/Frameworks/QuartzCore.framework/Versions/A/QuartzCore
0x00007ff804952000 	/System/Library/Frameworks/Security.framework/Versions/A/Security
0x00007ff813525000 	/System/Library/Frameworks/Carbon.framework/Versions/A/Frameworks/SpeechRecognition.framework/Versions/A/SpeechRecognition
0x00007ff809d7a000 	/System/Library/PrivateFrameworks/CoreUI.framework/Versions/A/CoreUI
0x00007ff80422a000 	/System/Library/Frameworks/CoreAudio.framework/Versions/A/CoreAudio
0x00007ff80939f000 	/System/Library/Frameworks/DiskArbitration.framework/Versions/A/DiskArbitration
0x00007ff80ec4e000 	/System/Library/PrivateFrameworks/MultitouchSupport.framework/Versions/A/MultitouchSupport
0x00007ff807828000 	/usr/lib/libenergytrace.dylib
0x00007ff8052ad000 	/System/Library/Frameworks/IOKit.framework/Versions/A/IOKit
0x00007ff813911000 	/System/Library/Frameworks/CoreServices.framework/Versions/A/CoreServices
0x00007ff809fb4000 	/System/Library/PrivateFrameworks/PerformanceAnalysis.framework/Versions/A/PerformanceAnalysis
0x00007ffa1a5bd000 	/System/Library/Frameworks/OpenGL.framework/Versions/A/OpenGL
0x00007ff80cbc8000 	/System/Library/PrivateFrameworks/MobileKeyBag.framework/Versions/A/MobileKeyBag
0x00007ff808304000 	/System/Library/Frameworks/ColorSync.framework/Versions/A/ColorSync
0x00007ff802952000 	/System/Library/Frameworks/CoreFoundation.framework/Versions/A/CoreFoundation
0x00007ff80bb5a000 	/System/Library/Frameworks/CoreImage.framework/Versions/A/CoreImage
0x00007ff804040000 	/System/Library/Frameworks/CoreText.framework/Versions/A/CoreText
0x00007ff80b910000 	/System/Library/Frameworks/ImageIO.framework/Versions/A/ImageIO
0x00007ff80d67d000 	/System/Library/PrivateFrameworks/SoftLinking.framework/Versions/A/SoftLinking
0x00007ff80a065000 	/usr/lib/libxml2.2.dylib
0x00007ff80d901000 	/usr/lib/libcompression.dylib
0x00007ff80f3bd000 	/System/Library/PrivateFrameworks/TextureIO.framework/Versions/A/TextureIO
0x00007ff80dff4000 	/usr/lib/libate.dylib
0x00007ff80ddd2000 	/usr/lib/liblzma.5.dylib
0x00007ff8034e9000 	/System/Library/Frameworks/SystemConfiguration.framework/Versions/A/SystemConfiguration
0x00007ff80d679000 	/usr/lib/libfakelink.dylib
0x00007ff80737b000 	/System/Library/Frameworks/CFNetwork.framework/Versions/A/CFNetwork
0x00007ff80d7b8000 	/usr/lib/libarchive.2.dylib
0x00007ff80bf4f000 	/System/Library/PrivateFrameworks/AppleSystemInfo.framework/Versions/A/AppleSystemInfo
0x00007ff80ccc3000 	/usr/lib/libbsm.0.dylib
0x00007ff8069b1000 	/usr/lib/libnetwork.dylib
0x00007ff80d612000 	/usr/lib/system/libkxld.dylib
0x00007ff80c8f1000 	/System/Library/PrivateFrameworks/IOMobileFramebuffer.framework/Versions/A/IOMobileFramebuffer
0x00007ffb1836b000 	/usr/lib/libCoreEntitlements.dylib
0x00007ff80d32b000 	/System/Library/PrivateFrameworks/AppleFSCompression.framework/Versions/A/AppleFSCompression
0x00007ff80ccab000 	/usr/lib/libcoretls.dylib
0x00007ff80ddec000 	/usr/lib/libcoretls_cfhelpers.dylib
0x00007ff80d8fc000 	/usr/lib/libpam.2.dylib
0x00007ff808cec000 	/usr/lib/libsqlite3.dylib
0x00007ff80de5b000 	/usr/lib/libxar.1.dylib
0x00007ff80d33b000 	/usr/lib/libbz2.1.0.dylib
0x00007ff80d67e000 	/usr/lib/libpcap.A.dylib
0x00007ff8090c1000 	/usr/lib/libdns_services.dylib
0x00007ff80d8cb000 	/usr/lib/libapple_nghttp2.dylib
0x00007ff80d6b5000 	/usr/lib/libiconv.2.dylib
0x00007ff80d60b000 	/usr/lib/libcharset.1.dylib
0x00007ff809fe8000 	/System/Library/Frameworks/CoreServices.framework/Versions/A/Frameworks/FSEvents.framework/Versions/A/FSEvents
0x00007ff804f45000 	/System/Library/Frameworks/CoreServices.framework/Versions/A/Frameworks/CarbonCore.framework/Versions/A/CarbonCore
0x00007ff809304000 	/System/Library/Frameworks/CoreServices.framework/Versions/A/Frameworks/Metadata.framework/Versions/A/Metadata
0x00007ff80d34e000 	/System/Library/Frameworks/CoreServices.framework/Versions/A/Frameworks/OSServices.framework/Versions/A/OSServices
0x00007ff80d83f000 	/System/Library/Frameworks/CoreServices.framework/Versions/A/Frameworks/SearchKit.framework/Versions/A/SearchKit
0x00007ff809053000 	/System/Library/Frameworks/CoreServices.framework/Versions/A/Frameworks/AE.framework/Versions/A/AE
0x00007ff802e55000 	/System/Library/Frameworks/CoreServices.framework/Versions/A/Frameworks/LaunchServices.framework/Versions/A/LaunchServices
0x00007ff80dd83000 	/System/Library/Frameworks/CoreServices.framework/Versions/A/Frameworks/DictionaryServices.framework/Versions/A/DictionaryServices
0x00007ff809ff5000 	/System/Library/Frameworks/CoreServices.framework/Versions/A/Frameworks/SharedFileList.framework/Versions/A/SharedFileList
0x00007ff80cc9f000 	/usr/lib/libCheckFix.dylib
0x00007ff80788c000 	/System/Library/PrivateFrameworks/TCC.framework/Versions/A/TCC
0x00007ff80bf55000 	/System/Library/PrivateFrameworks/CoreNLP.framework/Versions/A/CoreNLP
0x00007ff8092b4000 	/System/Library/PrivateFrameworks/MetadataUtilities.framework/Versions/A/MetadataUtilities
0x00007ff803599000 	/usr/lib/libmecabra.dylib
0x00007ff80ccd3000 	/usr/lib/libmecab.dylib
0x00007ff803564000 	/usr/lib/libCRFSuite.dylib
0x00007ff80cd30000 	/usr/lib/libgermantok.dylib
0x00007ff80d8a6000 	/usr/lib/libThaiTokenizer.dylib
0x00007ff8093a6000 	/System/Library/Frameworks/Accelerate.framework/Versions/A/Frameworks/vImage.framework/Versions/A/vImage
0x00007ff8138e8000 	/System/Library/Frameworks/Accelerate.framework/Versions/A/Frameworks/vecLib.framework/Versions/A/vecLib
0x00007ff80de9c000 	/System/Library/Frameworks/Accelerate.framework/Versions/A/Frameworks/vecLib.framework/Versions/A/libvMisc.dylib
0x00007ff80c70f000 	/System/Library/Frameworks/Accelerate.framework/Versions/A/Frameworks/vecLib.framework/Versions/A/libvDSP.dylib
0x00007ff8031cd000 	/System/Library/Frameworks/Accelerate.framework/Versions/A/Frameworks/vecLib.framework/Versions/A/libBLAS.dylib
0x00007ff80d9dd000 	/System/Library/Frameworks/Accelerate.framework/Versions/A/Frameworks/vecLib.framework/Versions/A/libLAPACK.dylib
0x00007ff80cd33000 	/System/Library/Frameworks/Accelerate.framework/Versions/A/Frameworks/vecLib.framework/Versions/A/libLinearAlgebra.dylib
0x00007ff80d8e4000 	/System/Library/Frameworks/Accelerate.framework/Versions/A/Frameworks/vecLib.framework/Versions/A/libSparseBLAS.dylib
0x00007ff80d9d7000 	/System/Library/Frameworks/Accelerate.framework/Versions/A/Frameworks/vecLib.framework/Versions/A/libQuadrature.dylib
0x00007ff80c03f000 	/System/Library/Frameworks/Accelerate.framework/Versions/A/Frameworks/vecLib.framework/Versions/A/libBNNS.dylib
0x00007ff80347a000 	/System/Library/Frameworks/Accelerate.framework/Versions/A/Frameworks/vecLib.framework/Versions/A/libSparse.dylib
0x00007ff80c038000 	/System/Library/PrivateFrameworks/LinguisticData.framework/Versions/A/LinguisticData
0x00007ff80342f000 	/System/Library/PrivateFrameworks/Lexicon.framework/Versions/A/Lexicon
0x00007ff80de95000 	/usr/lib/libChineseTokenizer.dylib
0x00007ff803b93000 	/System/Library/PrivateFrameworks/LanguageModeling.framework/Versions/A/LanguageModeling
0x00007ff80d8a8000 	/System/Library/PrivateFrameworks/AppleSauce.framework/Versions/A/AppleSauce
0x00007ff80c8df000 	/System/Library/PrivateFrameworks/CoreEmoji.framework/Versions/A/CoreEmoji
0x00007ff80d7a7000 	/usr/lib/libcmph.dylib
0x00007ff809fcc000 	/System/Library/Frameworks/OpenDirectory.framework/Versions/A/Frameworks/CFOpenDirectory.framework/Versions/A/CFOpenDirectory
0x00007ff809fc0000 	/System/Library/Frameworks/OpenDirectory.framework/Versions/A/OpenDirectory
0x00007ff80ddee000 	/System/Library/PrivateFrameworks/APFS.framework/Versions/A/APFS
0x00007ff80cc00000 	/System/Library/Frameworks/SecurityFoundation.framework/Versions/A/SecurityFoundation
0x00007ff80de69000 	/usr/lib/libutil.dylib
0x00007ff805270000 	/System/Library/PrivateFrameworks/CoreServicesStore.framework/Versions/A/CoreServicesStore
0x00007ff80de6d000 	/usr/lib/libxslt.1.dylib
0x00007ff80cc8d000 	/System/Library/PrivateFrameworks/BackgroundTaskManagement.framework/Versions/A/BackgroundTaskManagement
0x00007ff80f2dd000 	/System/Library/Frameworks/ImageIO.framework/Versions/A/Resources/libRadiance.dylib
0x00007ff80f2e6000 	/System/Library/Frameworks/ImageIO.framework/Versions/A/Resources/libJPEG.dylib
0x00007ff80f236000 	/System/Library/Frameworks/ImageIO.framework/Versions/A/Resources/libPng.dylib
0x00007ff80f257000 	/System/Library/Frameworks/ImageIO.framework/Versions/A/Resources/libTIFF.dylib
0x00007ff80f346000 	/System/Library/Frameworks/ImageIO.framework/Versions/A/Resources/libGIF.dylib
0x00007ff80eb67000 	/System/Library/Frameworks/ImageIO.framework/Versions/A/Resources/libJP2.dylib
0x00007ff80e2a9000 	/usr/lib/libexpat.1.dylib
0x00007ff80eb1c000 	/System/Library/PrivateFrameworks/AppleJPEG.framework/Versions/A/AppleJPEG
0x00007ff80b498000 	/System/Library/PrivateFrameworks/FontServices.framework/libFontParser.dylib
0x00007ff808ffd000 	/System/Library/PrivateFrameworks/RunningBoardServices.framework/Versions/A/RunningBoardServices
0x00007ff819ab6000 	/System/Library/PrivateFrameworks/IOSurfaceAccelerator.framework/Versions/A/IOSurfaceAccelerator
0x00007ff80ec4a000 	/System/Library/PrivateFrameworks/WatchdogClient.framework/Versions/A/WatchdogClient
0x00007ff803c82000 	/System/Library/Frameworks/CoreDisplay.framework/Versions/A/CoreDisplay
0x00007ff80b397000 	/System/Library/Frameworks/CoreMedia.framework/Versions/A/CoreMedia
0x00007ff80b234000 	/System/Library/PrivateFrameworks/IOAccelerator.framework/Versions/A/IOAccelerator
0x00007ff80a148000 	/System/Library/Frameworks/CoreVideo.framework/Versions/A/CoreVideo
0x00007ff80d8fa000 	/System/Library/Frameworks/MetalPerformanceShaders.framework/Versions/A/MetalPerformanceShaders
0x00007ff80ec85000 	/System/Library/Frameworks/VideoToolbox.framework/Versions/A/VideoToolbox
0x00007ff808f45000 	/System/Library/PrivateFrameworks/BaseBoard.framework/Versions/A/BaseBoard
0x00007ff808cd2000 	/System/Library/PrivateFrameworks/ProtocolBuffer.framework/Versions/A/ProtocolBuffer
0x00007ff80f2d6000 	/System/Library/PrivateFrameworks/GPUWrangler.framework/Versions/A/GPUWrangler
0x00007ff80f2b9000 	/System/Library/PrivateFrameworks/IOPresentment.framework/Versions/A/IOPresentment
0x00007ff80f2e0000 	/System/Library/PrivateFrameworks/DSExternalDisplay.framework/Versions/A/DSExternalDisplay
0x00007ffa1a5b1000 	/System/Library/Frameworks/OpenGL.framework/Versions/A/Libraries/libCoreFSCache.dylib
0x00007ffb06655000 	/System/Library/PrivateFrameworks/GPUCompiler.framework/Versions/31001/Libraries/libGPUCompilerUtils.dylib
0x00007ff80f34b000 	/System/Library/PrivateFrameworks/CMCaptureCore.framework/Versions/A/CMCaptureCore
0x00007ff80e855000 	/System/Library/PrivateFrameworks/AppServerSupport.framework/Versions/A/AppServerSupport
0x00007ff810a32000 	/System/Library/PrivateFrameworks/perfdata.framework/Versions/A/perfdata
0x00007ff803dae000 	/System/Library/PrivateFrameworks/AudioToolboxCore.framework/Versions/A/AudioToolboxCore
0x00007ff80b374000 	/System/Library/PrivateFrameworks/caulk.framework/Versions/A/caulk
0x00007ff810356000 	/usr/lib/libAudioStatistics.dylib
0x00007ff907683000 	/System/Library/PrivateFrameworks/SystemPolicy.framework/Versions/A/SystemPolicy
0x00007ff8105ab000 	/usr/lib/libSMC.dylib
0x00007ff8193ef000 	/System/Library/Frameworks/CoreMIDI.framework/Versions/A/CoreMIDI
0x00007ff80f206000 	/usr/lib/libAudioToolboxUtility.dylib
0x00007ff903a95000 	/System/Library/PrivateFrameworks/OSAServicesClient.framework/Versions/A/OSAServicesClient
0x00007ff810a3f000 	/usr/lib/libperfcheck.dylib
0x00007ff908115000 	/usr/lib/libmis.dylib
0x00007ffa1a60d000 	/System/Library/Frameworks/OpenGL.framework/Versions/A/Libraries/libGLU.dylib
0x00007ffa1a5d0000 	/System/Library/Frameworks/OpenGL.framework/Versions/A/Libraries/libGFXShared.dylib
0x00007ffa1a7de000 	/System/Library/Frameworks/OpenGL.framework/Versions/A/Libraries/libGL.dylib
0x00007ffa1a5d9000 	/System/Library/Frameworks/OpenGL.framework/Versions/A/Libraries/libGLImage.dylib
0x00007ffa1a5cd000 	/System/Library/Frameworks/OpenGL.framework/Versions/A/Libraries/libCVMSPluginSupport.dylib
0x00007ffa1a5b8000 	/System/Library/Frameworks/OpenGL.framework/Versions/A/Libraries/libCoreVMClient.dylib
0x00007ff80bed3000 	/System/Library/Frameworks/MetalPerformanceShaders.framework/Versions/A/Frameworks/MPSCore.framework/Versions/A/MPSCore
0x00007ff80d296000 	/System/Library/Frameworks/MetalPerformanceShaders.framework/Versions/A/Frameworks/MPSImage.framework/Versions/A/MPSImage
0x00007ff80cd49000 	/System/Library/Frameworks/MetalPerformanceShaders.framework/Versions/A/Frameworks/MPSNeuralNetwork.framework/Versions/A/MPSNeuralNetwork
0x00007ff80d1be000 	/System/Library/Frameworks/MetalPerformanceShaders.framework/Versions/A/Frameworks/MPSMatrix.framework/Versions/A/MPSMatrix
0x00007ff80cf7a000 	/System/Library/Frameworks/MetalPerformanceShaders.framework/Versions/A/Frameworks/MPSRayIntersector.framework/Versions/A/MPSRayIntersector
0x00007ff80d1f7000 	/System/Library/Frameworks/MetalPerformanceShaders.framework/Versions/A/Frameworks/MPSNDArray.framework/Versions/A/MPSNDArray
0x00007ffa1f1cf000 	/System/Library/Frameworks/MetalPerformanceShaders.framework/Versions/A/Frameworks/MPSFunctions.framework/Versions/A/MPSFunctions
0x00007ff8030b0000 	/System/Library/PrivateFrameworks/MetalTools.framework/Versions/A/MetalTools
0x00007ff80bf4d000 	/System/Library/PrivateFrameworks/AggregateDictionary.framework/Versions/A/AggregateDictionary
0x00007ff80e08b000 	/usr/lib/libIOReport.dylib
0x00007ffa1bbed000 	/System/Library/Frameworks/OpenCL.framework/Versions/A/OpenCL
0x00007ff80e3ef000 	/System/Library/PrivateFrameworks/FaceCore.framework/Versions/A/FaceCore
0x00007ff80e3e0000 	/System/Library/PrivateFrameworks/GraphVisualizer.framework/Versions/A/GraphVisualizer
0x00007ffb06560000 	/System/Library/PrivateFrameworks/FontServices.framework/Versions/A/FontServices
0x00007ff80e80c000 	/System/Library/PrivateFrameworks/OTSVG.framework/Versions/A/OTSVG
0x00007ff809d30000 	/System/Library/Frameworks/ApplicationServices.framework/Versions/A/Frameworks/ATS.framework/Versions/A/Resources/libFontRegistry.dylib
0x00007ff80e85d000 	/System/Library/PrivateFrameworks/FontServices.framework/libhvf.dylib
0x00007ffb06561000 	/System/Library/PrivateFrameworks/FontServices.framework/libXTFontStaticRegistryData.dylib
0x00007ff80e259000 	/System/Library/PrivateFrameworks/AppleVA.framework/Versions/A/AppleVA
0x00007ff81037a000 	/System/Library/Frameworks/ApplicationServices.framework/Versions/A/Frameworks/ATS.framework/Versions/A/ATS
0x00007ff808400000 	/System/Library/Frameworks/ApplicationServices.framework/Versions/A/Frameworks/HIServices.framework/Versions/A/HIServices
0x00007ff80f355000 	/System/Library/Frameworks/ApplicationServices.framework/Versions/A/Frameworks/PrintCore.framework/Versions/A/PrintCore
0x00007ff8106fe000 	/System/Library/Frameworks/ApplicationServices.framework/Versions/A/Frameworks/QD.framework/Versions/A/QD
0x00007ff8106f6000 	/System/Library/Frameworks/ApplicationServices.framework/Versions/A/Frameworks/ColorSyncLegacy.framework/Versions/A/ColorSyncLegacy
0x00007ff81036a000 	/System/Library/Frameworks/ApplicationServices.framework/Versions/A/Frameworks/SpeechSynthesis.framework/Versions/A/SpeechSynthesis
0x00007ff80f316000 	/System/Library/Frameworks/ApplicationServices.framework/Versions/A/Frameworks/ATSUI.framework/Versions/A/ATSUI
0x00007ff81068b000 	/usr/lib/libcups.2.dylib
0x00007ff810a4e000 	/System/Library/Frameworks/Kerberos.framework/Versions/A/Kerberos
0x00007ff810a5d000 	/System/Library/Frameworks/GSS.framework/Versions/A/GSS
0x00007ff8103e6000 	/usr/lib/libresolv.9.dylib
0x00007ff80e86c000 	/System/Library/PrivateFrameworks/Heimdal.framework/Versions/A/Heimdal
0x00007ff817546000 	/System/Library/Frameworks/Kerberos.framework/Versions/A/Libraries/libHeimdalProxy.dylib
0x00007ff8090d2000 	/System/Library/Frameworks/Network.framework/Versions/A/Network
0x00007ff80e2c3000 	/usr/lib/libheimdal-asn1.dylib
0x00007ff810aa9000 	/System/Library/PrivateFrameworks/CommonAuth.framework/Versions/A/CommonAuth
0x00007ff8102e7000 	/System/Library/PrivateFrameworks/AudioSession.framework/Versions/A/AudioSession
0x00007ff80e353000 	/System/Library/PrivateFrameworks/MediaExperience.framework/Versions/A/MediaExperience
0x00007ff81017b000 	/System/Library/PrivateFrameworks/AudioSession.framework/libSessionUtility.dylib
0x00007ff81070a000 	/System/Library/PrivateFrameworks/AudioResourceArbitration.framework/Versions/A/AudioResourceArbitration
0x00007ff8146fb000 	/System/Library/PrivateFrameworks/PowerLog.framework/Versions/A/PowerLog
0x00007ff80e2cc000 	/System/Library/PrivateFrameworks/IconFoundation.framework/Versions/A/IconFoundation
0x00007ff813515000 	/System/Library/PrivateFrameworks/SpeechRecognitionCore.framework/Versions/A/SpeechRecognitionCore
0x00000001017a7000 	/Library/Java/JavaVirtualMachines/jdk-16.0.2.jdk/Contents/Home/lib/server/libjvm.dylib
0x0000000100791000 	/Library/Java/JavaVirtualMachines/jdk-16.0.2.jdk/Contents/Home/lib/libjimage.dylib
0x0000000100808000 	/Library/Java/JavaVirtualMachines/jdk-16.0.2.jdk/Contents/Home/lib/libjava.dylib
0x0000000101662000 	/Library/Java/JavaVirtualMachines/jdk-16.0.2.jdk/Contents/Home/lib/libnio.dylib
0x0000000101690000 	/Library/Java/JavaVirtualMachines/jdk-16.0.2.jdk/Contents/Home/lib/libnet.dylib
0x000000010de55000 	/Library/Java/JavaVirtualMachines/jdk-16.0.2.jdk/Contents/Home/lib/libawt.dylib
0x000000010df0b000 	/Library/Java/JavaVirtualMachines/jdk-16.0.2.jdk/Contents/Home/lib/libmlib_image.dylib
0x00007ffa1f131000 	/System/Library/Frameworks/JavaNativeFoundation.framework/Versions/A/JavaNativeFoundation
0x00007ffa1f13d000 	/System/Library/Frameworks/JavaRuntimeSupport.framework/Versions/A/JavaRuntimeSupport
0x00007ff9071cc000 	/System/Library/Frameworks/Carbon.framework/Versions/A/Carbon
0x00007ff815975000 	/System/Library/PrivateFrameworks/CoreSymbolication.framework/Versions/A/CoreSymbolication
0x00007ff81ae0d000 	/System/Library/Frameworks/Carbon.framework/Versions/A/Frameworks/CommonPanels.framework/Versions/A/CommonPanels
0x00007ff816f4d000 	/System/Library/Frameworks/Carbon.framework/Versions/A/Frameworks/Help.framework/Versions/A/Help
0x00007ff81ae11000 	/System/Library/Frameworks/Carbon.framework/Versions/A/Frameworks/ImageCapture.framework/Versions/A/ImageCapture
0x00007ff81ade1000 	/System/Library/Frameworks/Carbon.framework/Versions/A/Frameworks/OpenScripting.framework/Versions/A/OpenScripting
0x00007ff81ae09000 	/System/Library/Frameworks/Carbon.framework/Versions/A/Frameworks/Ink.framework/Versions/A/Ink
0x00007ff9071c8000 	/System/Library/Frameworks/Carbon.framework/Versions/A/Frameworks/Print.framework/Versions/A/Print
0x00007ff81ae05000 	/System/Library/Frameworks/Carbon.framework/Versions/A/Frameworks/SecurityHI.framework/Versions/A/SecurityHI
0x00007ff81593a000 	/System/Library/PrivateFrameworks/DebugSymbols.framework/Versions/A/DebugSymbols
0x000000010e800000 	/Library/Java/JavaVirtualMachines/jdk-16.0.2.jdk/Contents/Home/lib/libawt_lwawt.dylib
0x00000001016c9000 	/Library/Java/JavaVirtualMachines/jdk-16.0.2.jdk/Contents/Home/lib/libosxapp.dylib
0x00007ff906609000 	/System/Library/Frameworks/ExceptionHandling.framework/Versions/A/ExceptionHandling
0x0000000101676000 	/Library/Java/JavaVirtualMachines/jdk-16.0.2.jdk/Contents/Home/lib/libfontmanager.dylib
0x000000010ea38000 	/Library/Java/JavaVirtualMachines/jdk-16.0.2.jdk/Contents/Home/lib/libharfbuzz.dylib
0x000000010e8b0000 	/Library/Java/JavaVirtualMachines/jdk-16.0.2.jdk/Contents/Home/lib/libfreetype.dylib
0x00007ff805231000 	/System/Library/PrivateFrameworks/CoreServicesInternal.framework/Versions/A/CoreServicesInternal
0x00007ff814cec000 	/System/Library/Frameworks/FileProvider.framework/Versions/A/FileProvider
0x00007ff808eb1000 	/System/Library/Frameworks/Accounts.framework/Versions/A/Accounts
0x00007ff814e63000 	/System/Library/PrivateFrameworks/GenerationalStorage.framework/Versions/A/GenerationalStorage
0x00007ff8146f0000 	/System/Library/PrivateFrameworks/SymptomDiagnosticReporter.framework/Versions/A/SymptomDiagnosticReporter
0x00007ff8064f2000 	/System/Library/PrivateFrameworks/DesktopServicesPriv.framework/Versions/A/DesktopServicesPriv
0x00007ff805372000 	/usr/lib/libsandbox.1.dylib
0x00007ff80a1c7000 	/System/Library/PrivateFrameworks/UserManagement.framework/Versions/A/UserManagement
0x00007ff8106eb000 	/System/Library/PrivateFrameworks/NetAuth.framework/Versions/A/NetAuth
0x00007ff8115d9000 	/System/Library/PrivateFrameworks/Sharing.framework/Versions/A/Sharing
0x00007ff80a19a000 	/System/Library/PrivateFrameworks/login.framework/Versions/A/Frameworks/loginsupport.framework/Versions/A/loginsupport
0x00007ff816a7a000 	/System/Library/PrivateFrameworks/Apple80211.framework/Versions/A/Apple80211
0x00007ff80d37b000 	/System/Library/PrivateFrameworks/AuthKit.framework/Versions/A/AuthKit
0x00007ff80c9d5000 	/System/Library/PrivateFrameworks/CoreUtils.framework/Versions/A/CoreUtils
0x00007ff80c8fc000 	/System/Library/Frameworks/CoreWLAN.framework/Versions/A/CoreWLAN
0x00007ff811734000 	/System/Library/Frameworks/IOBluetooth.framework/Versions/A/IOBluetooth
0x00007ff816ae2000 	/System/Library/PrivateFrameworks/CoreWiFi.framework/Versions/A/CoreWiFi
0x00007ff81550f000 	/System/Library/PrivateFrameworks/FrontBoardServices.framework/Versions/A/FrontBoardServices
0x00007ff8155a1000 	/System/Library/PrivateFrameworks/BoardServices.framework/Versions/A/BoardServices
0x00007ff80cbef000 	/System/Library/PrivateFrameworks/AssertionServices.framework/Versions/A/AssertionServices
0x00007ff816c66000 	/System/Library/PrivateFrameworks/BackBoardServices.framework/Versions/A/BackBoardServices
0x00007ff810b38000 	/System/Library/PrivateFrameworks/CorePhoneNumbers.framework/Versions/A/CorePhoneNumbers
0x00007ff81480d000 	/System/Library/PrivateFrameworks/DiskManagement.framework/Versions/A/DiskManagement
0x00007ff814721000 	/System/Library/PrivateFrameworks/AppleIDAuthSupport.framework/Versions/A/AppleIDAuthSupport
0x00007ffa21165000 	/System/Library/PrivateFrameworks/AAAFoundation.framework/Versions/A/AAAFoundation
0x00007ff810b19000 	/System/Library/PrivateFrameworks/KeychainCircle.framework/Versions/A/KeychainCircle
0x00007ff8147d9000 	/System/Library/PrivateFrameworks/MediaKit.framework/Versions/A/MediaKit
0x00007ff81472d000 	/System/Library/Frameworks/DiscRecording.framework/Versions/A/DiscRecording
0x00007ff80e1d1000 	/usr/lib/libCoreStorage.dylib
0x00007ff816f55000 	/usr/lib/libcsfde.dylib
0x00007ff811801000 	/System/Library/PrivateFrameworks/ProtectedCloudStorage.framework/Versions/A/ProtectedCloudStorage
0x00007ff816f51000 	/System/Library/PrivateFrameworks/EFILogin.framework/Versions/A/EFILogin
0x00007ff814e89000 	/System/Library/PrivateFrameworks/OctagonTrust.framework/Versions/A/OctagonTrust
0x00007ffb05882000 	/System/Library/PrivateFrameworks/CoreUtilsExtras.framework/Versions/A/CoreUtilsExtras
0x00007ff814663000 	/System/Library/Frameworks/CoreBluetooth.framework/Versions/A/CoreBluetooth
0x00007ff8175cb000 	/System/Library/Frameworks/AudioUnit.framework/Versions/A/AudioUnit
0x00007ff80e1c9000 	/usr/lib/libMatch.1.dylib
0x00007ff90ecb3000 	/System/Library/CoreServices/RawCamera.bundle/Contents/MacOS/RawCamera
0x00007ff810ab9000 	/System/Library/PrivateFrameworks/MobileAsset.framework/Versions/A/MobileAsset
0x00007ff8175f2000 	/System/Library/PrivateFrameworks/StreamingZip.framework/Versions/A/StreamingZip
0x00007ffb02cce000 	/System/Library/PrivateFrameworks/CMPhoto.framework/Versions/A/CMPhoto
0x00007ff815810000 	/System/Library/PrivateFrameworks/AppleVPA.framework/Versions/A/AppleVPA
0x00007ff80f57d000 	/System/Library/Frameworks/MediaToolbox.framework/Versions/A/MediaToolbox
0x00007ff814cbc000 	/System/Library/PrivateFrameworks/CoreAVCHD.framework/Versions/A/CoreAVCHD
0x00007ff813ba4000 	/System/Library/Frameworks/MediaAccessibility.framework/Versions/A/MediaAccessibility
0x00007ff814cb8000 	/System/Library/PrivateFrameworks/Mangrove.framework/Versions/A/Mangrove
0x00007ff813baf000 	/System/Library/PrivateFrameworks/AlgosScoreFramework.framework/Versions/A/AlgosScoreFramework
0x00007ff8148fd000 	/System/Library/PrivateFrameworks/CoreAUC.framework/Versions/A/CoreAUC
0x00007ff90c564000 	/System/Library/Frameworks/Accelerate.framework/Versions/A/Frameworks/vImage.framework/Versions/A/Libraries/libCGInterfaces.dylib
0x000000010ea05000 	/usr/lib/libobjc-trampolines.dylib
0x00007ff809ec0000 	/System/Library/PrivateFrameworks/ViewBridge.framework/Versions/A/ViewBridge
0x00007ff80e093000 	/System/Library/PrivateFrameworks/CrashReporterSupport.framework/Versions/A/CrashReporterSupport
0x00007ff913ed1000 	/System/Library/PrivateFrameworks/OSAnalytics.framework/Versions/A/OSAnalytics
0x00007ff91ee6a000 	/System/Library/PrivateFrameworks/Symbolication.framework/Versions/A/Symbolication
0x00007ff9080f2000 	/System/Library/PrivateFrameworks/MallocStackLogging.framework/Versions/A/MallocStackLogging
0x00007ffa1a7e9000 	/System/Library/Frameworks/OpenGL.framework/Versions/A/Resources/GLEngine.bundle/GLEngine
0x00007ffa1a64b000 	/System/Library/Frameworks/OpenGL.framework/Versions/A/Libraries/libGLProgrammability.dylib
0x00007ffa0ea14000 	/System/Library/Extensions/AppleIntelKBLGraphicsGLDriver.bundle/Contents/MacOS/AppleIntelKBLGraphicsGLDriver
0x00007ff911fde000 	/System/Library/PrivateFrameworks/GPUSupport.framework/Versions/A/Libraries/libGPUSupportMercury.dylib
0x00007ffa1a978000 	/System/Library/Frameworks/OpenGL.framework/Versions/A/Resources/GLRendererFloat.bundle/GLRendererFloat
0x00007ff80e926000 	/System/Library/PrivateFrameworks/login.framework/Versions/A/login
0x00000001256c1000 	/Library/Java/JavaVirtualMachines/jdk-16.0.2.jdk/Contents/Home/lib/libosxui.dylib
0x0000000126c40000 	/Library/Java/JavaVirtualMachines/jdk-16.0.2.jdk/Contents/Home/lib/libextnet.dylib
0x00007ffb18479000 	/usr/lib/libRosetta.dylib


VM Arguments:
java_command: Server
java_class_path (initial): .
Launcher Type: SUN_STANDARD

[Global flags]
     intx CICompilerCount                          = 3                                         {product} {ergonomic}
     uint ConcGCThreads                            = 1                                         {product} {ergonomic}
     uint G1ConcRefinementThreads                  = 4                                         {product} {ergonomic}
   size_t G1HeapRegionSize                         = 1048576                                   {product} {ergonomic}
    uintx GCDrainStackTargetSize                   = 64                                        {product} {ergonomic}
   size_t InitialHeapSize                          = 134217728                                 {product} {ergonomic}
   size_t MarkStackSize                            = 4194304                                   {product} {ergonomic}
   size_t MaxHeapSize                              = 2147483648                                {product} {ergonomic}
   size_t MaxNewSize                               = 1287651328                                {product} {ergonomic}
   size_t MinHeapDeltaBytes                        = 1048576                                   {product} {ergonomic}
   size_t MinHeapSize                              = 8388608                                   {product} {ergonomic}
    uintx NonNMethodCodeHeapSize                   = 5832780                                {pd product} {ergonomic}
    uintx NonProfiledCodeHeapSize                  = 122912730                              {pd product} {ergonomic}
    uintx ProfiledCodeHeapSize                     = 122912730                              {pd product} {ergonomic}
    uintx ReservedCodeCacheSize                    = 251658240                              {pd product} {ergonomic}
     bool SegmentedCodeCache                       = true                                      {product} {ergonomic}
   size_t SoftMaxHeapSize                          = 2147483648                             {manageable} {ergonomic}
     bool UseCompressedClassPointers               = true                           {product lp64_product} {ergonomic}
     bool UseCompressedOops                        = true                           {product lp64_product} {ergonomic}
     bool UseG1GC                                  = true                                      {product} {ergonomic}
     bool UseNUMA                                  = false                                     {product} {ergonomic}
     bool UseNUMAInterleaving                      = false                                     {product} {ergonomic}

Logging:
Log output configuration:
 #0: stdout all=warning uptime,level,tags
 #1: stderr all=off uptime,level,tags

Environment Variables:
PATH=/Library/Frameworks/Python.framework/Versions/3.7/bin:/usr/local/bin:/usr/bin:/bin:/usr/sbin:/sbin:/Library/Frameworks/Python.framework/Versions/3.7/bin:/Applications/Visual Studio Code.app/Contents/Resources/app/bin:/Applications/Visual Studio Code.app/Contents/Resources/app/bin
SHELL=/bin/bash
LANG=en_US.UTF-8

Signal Handlers:
SIGSEGV: [libjvm.dylib+0xa7bdc0], sa_mask[0]=11100110000111110111111111111111, sa_flags=SA_ONSTACK|SA_RESTART|SA_SIGINFO
SIGBUS: [libjvm.dylib+0xa7bdc0], sa_mask[0]=11100110000111110111111111111111, sa_flags=SA_RESTART|SA_SIGINFO
SIGFPE: [libjvm.dylib+0xa7bdc0], sa_mask[0]=11100110000111110111111111111111, sa_flags=SA_RESTART|SA_SIGINFO
SIGPIPE: [libjvm.dylib+0x945be0], sa_mask[0]=11100110000111110111111111111111, sa_flags=SA_RESTART|SA_SIGINFO
SIGXFSZ: [libjvm.dylib+0x945be0], sa_mask[0]=11100110000111110111111111111111, sa_flags=SA_RESTART|SA_SIGINFO
SIGILL: [libjvm.dylib+0xa7bdc0], sa_mask[0]=11100110000111110111111111111111, sa_flags=SA_RESTART|SA_SIGINFO
SIGUSR2: [libjvm.dylib+0x946690], sa_mask[0]=00000000000000000000000000000000, sa_flags=SA_RESTART|SA_SIGINFO
SIGHUP: [libjvm.dylib+0x944c50], sa_mask[0]=11100110000111110111111111111111, sa_flags=SA_RESTART|SA_SIGINFO
SIGINT: [libjvm.dylib+0x944c50], sa_mask[0]=11100110000111110111111111111111, sa_flags=SA_RESTART|SA_SIGINFO
SIGTERM: [libjvm.dylib+0x944c50], sa_mask[0]=11100110000111110111111111111111, sa_flags=SA_RESTART|SA_SIGINFO
SIGQUIT: [libjvm.dylib+0x944c50], sa_mask[0]=11100110000111110111111111111111, sa_flags=SA_RESTART|SA_SIGINFO
SIGTRAP: [libjvm.dylib+0xa7bdc0], sa_mask[0]=11100110000111110111111111111111, sa_flags=SA_RESTART|SA_SIGINFO


---------------  S Y S T E M  ---------------

OS:uname: Darwin 21.2.0 Darwin Kernel Version 21.2.0: Sun Nov 28 20:28:54 PST 2021; root:xnu-8019.61.5~1/RELEASE_X86_64 x86_64
OS uptime: 28 days 21:05 hours
rlimit (soft/hard): STACK 8192k/65532k , CORE 0k/infinity , NPROC 1392/2088 , NOFILE 10240/infinity , AS infinity/infinity , CPU infinity/infinity , DATA infinity/infinity , FSIZE infinity/infinity , MEMLOCK infinity/infinity , RSS infinity/infinity
load average: 11.53 21.53 19.15

CPU: total 4 (initial active 4) (2 cores per cpu, 2 threads per core) family 6 model 142 stepping 9 microcode 0xea, cx8, cmov, fxsr, ht, mmx, 3dnowpref, sse, sse2, sse3, ssse3, sse4.1, sse4.2, popcnt, lzcnt, tsc, tscinvbit, avx, avx2, aes, erms, clmul, bmi1, bmi2, adx, fma, vzeroupper, clflush, clflushopt

Memory: 4k page, physical 8388608k(23000k free), swap 3145728k(1144320k free)

vm_info: Java HotSpot(TM) 64-Bit Server VM (16.0.2+7-67) for bsd-amd64 JRE (16.0.2+7-67), built on Jun  8 2021 22:22:46 by "mach5one" with clang 4.2.1 Compatible Apple LLVM 11.0.0 (clang-1100.0.33.17)

END.
